<?xml version="1.0" encoding="UTF-8"?>
<!-- Generated by org.testng.reporters.JUnitXMLReporter -->
<testsuite hostname="DESKTOP-3JPAEF9" ignored="0" name="Default test" tests="3" failures="0" timestamp="04 Oct 2019 22:51:34 GMT" time="7.17" errors="0">
  <testcase name="pokeByID" time="6.247" classname="PokeAPI.PokeAPI.PokeAPI"/>
  <testcase name="pokeByName" time="0.421" classname="PokeAPI.PokeAPI.PokeAPI"/>
  <testcase name="pokePaginatioin" time="0.434" classname="PokeAPI.PokeAPI.PokeAPI"/>
</testsuite> <!-- Default test -->
