<?xml version="1.0" encoding="UTF-8"?>
<!-- Generated by org.testng.reporters.JUnitReportReporter -->
<testsuite skipped="0" hostname="DESKTOP-3JPAEF9" name="PokeAPI.PokeAPI.PokeAPI" tests="3" failures="0" timestamp="04 Oct 2019 22:51:34 GMT" time="7.102" errors="0">
  <testcase name="pokePaginatioin" time="0.434" classname="PokeAPI.PokeAPI.PokeAPI"/>
  <testcase name="pokeByID" time="6.247" classname="PokeAPI.PokeAPI.PokeAPI"/>
  <testcase name="pokeByName" time="0.421" classname="PokeAPI.PokeAPI.PokeAPI"/>
</testsuite> <!-- PokeAPI.PokeAPI.PokeAPI -->
